Mar 17 09:43:27: ocsigen:main: Command pipe created
Mar 17 09:43:27: ocsigen:ocsipersist:dbm: Initializing ...
Mar 17 09:43:27: ocsigen:ocsipersist:dbm: Launching a new Ocsidbm process: ocsidbm on directory local/var/data/h42n42.
Mar 17 09:43:28: ocsigen:ocsipersist:dbm: ...Initialization complete
Mar 17 15:10:02: ocsigen:ocsipersist:dbm: Initializing ...
Mar 17 15:10:02: ocsigen:ocsipersist:dbm: Launching a new Ocsidbm process: ocsidbm on directory local/var/data/h42n42.
Mar 17 15:10:03: ocsigen:ocsipersist:dbm: ...Initialization complete
Mar 17 15:11:02: ocsigen:ocsipersist:dbm: Initializing ...
Mar 17 15:11:02: ocsigen:ocsipersist:dbm: Launching a new Ocsidbm process: ocsidbm on directory local/var/data/h42n42.
Mar 17 15:11:03: ocsigen:ocsipersist:dbm: ...Initialization complete
Mar 17 15:17:48: ocsigen:ocsipersist:dbm: Initializing ...
Mar 17 15:17:48: ocsigen:ocsipersist:dbm: Launching a new Ocsidbm process: ocsidbm on directory local/var/data/h42n42.
Mar 17 15:17:49: ocsigen:ocsipersist:dbm: ...Initialization complete
Mar 17 15:37:32: ocsigen:ocsipersist:dbm: Initializing ...
Mar 17 15:37:32: ocsigen:ocsipersist:dbm: Launching a new Ocsidbm process: ocsidbm on directory local/var/data/h42n42.
Mar 17 15:37:33: ocsigen:ocsipersist:dbm: ...Initialization complete
Mar 17 15:37:58: ocsigen:ocsipersist:dbm: Initializing ...
Mar 17 15:37:58: ocsigen:ocsipersist:dbm: Launching a new Ocsidbm process: ocsidbm on directory local/var/data/h42n42.
Mar 17 15:37:59: ocsigen:ocsipersist:dbm: ...Initialization complete
Mar 17 15:38:53: ocsigen:ocsipersist:dbm: Initializing ...
Mar 17 15:38:53: ocsigen:ocsipersist:dbm: Launching a new Ocsidbm process: ocsidbm on directory local/var/data/h42n42.
Mar 17 15:38:55: ocsigen:ocsipersist:dbm: ...Initialization complete
Mar 17 15:40:04: ocsigen:ocsipersist:dbm: Initializing ...
Mar 17 15:40:04: ocsigen:ocsipersist:dbm: Launching a new Ocsidbm process: ocsidbm on directory local/var/data/h42n42.
Mar 17 15:40:05: ocsigen:ocsipersist:dbm: ...Initialization complete
Mar 17 15:42:13: ocsigen:ocsipersist:dbm: Initializing ...
Mar 17 15:42:13: ocsigen:ocsipersist:dbm: Launching a new Ocsidbm process: ocsidbm on directory local/var/data/h42n42.
Mar 17 15:42:14: ocsigen:ocsipersist:dbm: ...Initialization complete
Mar 17 15:50:04: ocsigen:ocsipersist:dbm: Initializing ...
Mar 17 15:50:04: ocsigen:ocsipersist:dbm: Launching a new Ocsidbm process: ocsidbm on directory local/var/data/h42n42.
Mar 17 15:50:05: ocsigen:ocsipersist:dbm: ...Initialization complete
Mar 17 15:53:02: ocsigen:ocsipersist:dbm: Initializing ...
Mar 17 15:53:02: ocsigen:ocsipersist:dbm: Launching a new Ocsidbm process: ocsidbm on directory local/var/data/h42n42.
Mar 17 15:53:03: ocsigen:ocsipersist:dbm: ...Initialization complete
Mar 17 15:53:22: ocsigen:ocsipersist:dbm: Initializing ...
Mar 17 15:53:22: ocsigen:ocsipersist:dbm: Launching a new Ocsidbm process: ocsidbm on directory local/var/data/h42n42.
Mar 17 15:53:24: ocsigen:ocsipersist:dbm: ...Initialization complete
Mar 17 15:53:36: ocsigen:ocsipersist:dbm: Initializing ...
Mar 17 15:53:36: ocsigen:ocsipersist:dbm: Launching a new Ocsidbm process: ocsidbm on directory local/var/data/h42n42.
Mar 17 15:53:37: ocsigen:ocsipersist:dbm: ...Initialization complete
Mar 17 15:53:58: ocsigen:ocsipersist:dbm: Initializing ...
Mar 17 15:53:58: ocsigen:ocsipersist:dbm: Launching a new Ocsidbm process: ocsidbm on directory local/var/data/h42n42.
Mar 17 15:53:59: ocsigen:ocsipersist:dbm: ...Initialization complete
Mar 17 15:54:58: ocsigen:ocsipersist:dbm: Initializing ...
Mar 17 15:54:58: ocsigen:ocsipersist:dbm: Launching a new Ocsidbm process: ocsidbm on directory local/var/data/h42n42.
Mar 17 15:54:59: ocsigen:ocsipersist:dbm: ...Initialization complete
Mar 17 15:55:55: ocsigen:ocsipersist:dbm: Initializing ...
Mar 17 15:55:55: ocsigen:ocsipersist:dbm: Launching a new Ocsidbm process: ocsidbm on directory local/var/data/h42n42.
Mar 17 15:55:56: ocsigen:ocsipersist:dbm: ...Initialization complete
Mar 17 15:56:33: ocsigen:ocsipersist:dbm: Initializing ...
Mar 17 15:56:33: ocsigen:ocsipersist:dbm: Launching a new Ocsidbm process: ocsidbm on directory local/var/data/h42n42.
Mar 17 15:56:34: ocsigen:ocsipersist:dbm: ...Initialization complete
Mar 17 15:57:46: ocsigen:ocsipersist:dbm: Initializing ...
Mar 17 15:57:46: ocsigen:ocsipersist:dbm: Launching a new Ocsidbm process: ocsidbm on directory local/var/data/h42n42.
Mar 17 15:57:47: ocsigen:ocsipersist:dbm: ...Initialization complete
Mar 17 15:58:00: ocsigen:ocsipersist:dbm: Initializing ...
Mar 17 15:58:00: ocsigen:ocsipersist:dbm: Launching a new Ocsidbm process: ocsidbm on directory local/var/data/h42n42.
Mar 17 15:58:01: ocsigen:ocsipersist:dbm: ...Initialization complete
Mar 17 16:01:27: ocsigen:ocsipersist:dbm: Initializing ...
Mar 17 16:01:27: ocsigen:ocsipersist:dbm: Launching a new Ocsidbm process: ocsidbm on directory local/var/data/h42n42.
Mar 17 16:01:28: ocsigen:ocsipersist:dbm: ...Initialization complete
Mar 17 16:03:03: ocsigen:ocsipersist:dbm: Initializing ...
Mar 17 16:03:03: ocsigen:ocsipersist:dbm: Launching a new Ocsidbm process: ocsidbm on directory local/var/data/h42n42.
Mar 17 16:03:04: ocsigen:ocsipersist:dbm: ...Initialization complete
Mar 17 16:06:11: ocsigen:ocsipersist:dbm: Initializing ...
Mar 17 16:06:11: ocsigen:ocsipersist:dbm: Launching a new Ocsidbm process: ocsidbm on directory local/var/data/h42n42.
Mar 17 16:06:12: ocsigen:ocsipersist:dbm: ...Initialization complete
Mar 17 16:06:34: ocsigen:ocsipersist:dbm: Initializing ...
Mar 17 16:06:34: ocsigen:ocsipersist:dbm: Launching a new Ocsidbm process: ocsidbm on directory local/var/data/h42n42.
Mar 17 16:06:35: ocsigen:ocsipersist:dbm: ...Initialization complete
Mar 17 16:07:31: ocsigen:ocsipersist:dbm: Initializing ...
Mar 17 16:07:31: ocsigen:ocsipersist:dbm: Launching a new Ocsidbm process: ocsidbm on directory local/var/data/h42n42.
Mar 17 16:07:32: ocsigen:ocsipersist:dbm: ...Initialization complete
Mar 17 16:09:42: ocsigen:ocsipersist:dbm: Initializing ...
Mar 17 16:09:42: ocsigen:ocsipersist:dbm: Launching a new Ocsidbm process: ocsidbm on directory local/var/data/h42n42.
Mar 17 16:09:43: ocsigen:ocsipersist:dbm: ...Initialization complete
Mar 17 16:10:15: ocsigen:ocsipersist:dbm: Initializing ...
Mar 17 16:10:15: ocsigen:ocsipersist:dbm: Launching a new Ocsidbm process: ocsidbm on directory local/var/data/h42n42.
Mar 17 16:10:17: ocsigen:ocsipersist:dbm: ...Initialization complete
Mar 17 16:10:40: ocsigen:ocsipersist:dbm: Initializing ...
Mar 17 16:10:40: ocsigen:ocsipersist:dbm: Launching a new Ocsidbm process: ocsidbm on directory local/var/data/h42n42.
Mar 17 16:10:41: ocsigen:ocsipersist:dbm: ...Initialization complete
Mar 17 16:14:14: ocsigen:ocsipersist:dbm: Initializing ...
Mar 17 16:14:14: ocsigen:ocsipersist:dbm: Launching a new Ocsidbm process: ocsidbm on directory local/var/data/h42n42.
Mar 17 16:14:15: ocsigen:ocsipersist:dbm: ...Initialization complete
Mar 17 16:14:29: ocsigen:ocsipersist:dbm: Initializing ...
Mar 17 16:14:29: ocsigen:ocsipersist:dbm: Launching a new Ocsidbm process: ocsidbm on directory local/var/data/h42n42.
Mar 17 16:14:30: ocsigen:ocsipersist:dbm: ...Initialization complete
Mar 17 17:16:27: ocsigen:ocsipersist:dbm: Initializing ...
Mar 17 17:16:27: ocsigen:ocsipersist:dbm: Launching a new Ocsidbm process: ocsidbm on directory local/var/data/h42n42.
Mar 17 17:16:28: ocsigen:ocsipersist:dbm: ...Initialization complete
Mar 17 17:18:01: ocsigen:ocsipersist:dbm: Initializing ...
Mar 17 17:18:01: ocsigen:ocsipersist:dbm: Launching a new Ocsidbm process: ocsidbm on directory local/var/data/h42n42.
Mar 17 17:18:02: ocsigen:ocsipersist:dbm: ...Initialization complete
Mar 17 17:19:09: ocsigen:ocsipersist:dbm: Initializing ...
Mar 17 17:19:09: ocsigen:ocsipersist:dbm: Launching a new Ocsidbm process: ocsidbm on directory local/var/data/h42n42.
Mar 17 17:19:10: ocsigen:ocsipersist:dbm: ...Initialization complete
Mar 17 17:44:23: ocsigen:ocsipersist:dbm: Initializing ...
Mar 17 17:44:23: ocsigen:ocsipersist:dbm: Launching a new Ocsidbm process: ocsidbm on directory local/var/data/h42n42.
Mar 17 17:52:24: ocsigen:ocsipersist:dbm: Initializing ...
Mar 17 17:52:24: ocsigen:ocsipersist:dbm: Launching a new Ocsidbm process: ocsidbm on directory local/var/data/h42n42.
Mar 17 17:52:25: ocsigen:ocsipersist:dbm: ...Initialization complete
Mar 17 17:55:07: ocsigen:ocsipersist:dbm: Initializing ...
Mar 17 17:55:07: ocsigen:ocsipersist:dbm: Launching a new Ocsidbm process: ocsidbm on directory local/var/data/h42n42.
Mar 17 17:55:08: ocsigen:ocsipersist:dbm: ...Initialization complete
Mar 17 17:56:46: ocsigen:ocsipersist:dbm: Initializing ...
Mar 17 17:56:46: ocsigen:ocsipersist:dbm: Launching a new Ocsidbm process: ocsidbm on directory local/var/data/h42n42.
Mar 17 17:56:48: ocsigen:ocsipersist:dbm: ...Initialization complete
Mar 18 08:13:48: ocsigen:ocsipersist:dbm: Initializing ...
Mar 18 08:13:48: ocsigen:ocsipersist:dbm: Launching a new Ocsidbm process: ocsidbm on directory local/var/data/h42n42.
Mar 18 08:13:49: ocsigen:ocsipersist:dbm: ...Initialization complete
Mar 18 08:17:33: ocsigen:ocsipersist:dbm: Initializing ...
Mar 18 08:17:33: ocsigen:ocsipersist:dbm: Launching a new Ocsidbm process: ocsidbm on directory local/var/data/h42n42.
Mar 18 08:17:35: ocsigen:ocsipersist:dbm: ...Initialization complete
Mar 18 21:28:54: ocsigen:ocsipersist:dbm: Initializing ...
Mar 18 21:28:54: ocsigen:ocsipersist:dbm: Launching a new Ocsidbm process: ocsidbm on directory local/var/data/h42n42.
Mar 18 21:28:55: ocsigen:ocsipersist:dbm: ...Initialization complete
Mar 18 21:30:15: ocsigen:ocsipersist:dbm: Initializing ...
Mar 18 21:30:15: ocsigen:ocsipersist:dbm: Launching a new Ocsidbm process: ocsidbm on directory local/var/data/h42n42.
Mar 18 21:30:16: ocsigen:ocsipersist:dbm: ...Initialization complete
Mar 18 21:57:06: ocsigen:ocsipersist:dbm: Initializing ...
Mar 18 21:57:06: ocsigen:ocsipersist:dbm: Launching a new Ocsidbm process: ocsidbm on directory local/var/data/h42n42.
Mar 18 21:57:07: ocsigen:ocsipersist:dbm: ...Initialization complete
Mar 19 07:53:02: ocsigen:ocsipersist:dbm: Initializing ...
Mar 19 07:53:02: ocsigen:ocsipersist:dbm: Launching a new Ocsidbm process: ocsidbm on directory local/var/data/h42n42.
Mar 19 07:53:03: ocsigen:ocsipersist:dbm: ...Initialization complete
Mar 19 07:55:21: ocsigen:ocsipersist:dbm: Initializing ...
Mar 19 07:55:21: ocsigen:ocsipersist:dbm: Launching a new Ocsidbm process: ocsidbm on directory local/var/data/h42n42.
Mar 19 07:55:22: ocsigen:ocsipersist:dbm: ...Initialization complete
Mar 19 08:04:14: ocsigen:ocsipersist:dbm: Initializing ...
Mar 19 08:04:14: ocsigen:ocsipersist:dbm: Launching a new Ocsidbm process: ocsidbm on directory local/var/data/h42n42.
Mar 19 08:04:15: ocsigen:ocsipersist:dbm: ...Initialization complete
Mar 19 08:05:20: ocsigen:ocsipersist:dbm: Initializing ...
Mar 19 08:05:20: ocsigen:ocsipersist:dbm: Launching a new Ocsidbm process: ocsidbm on directory local/var/data/h42n42.
Mar 19 08:05:21: ocsigen:ocsipersist:dbm: ...Initialization complete
Mar 19 08:07:00: ocsigen:ocsipersist:dbm: Initializing ...
Mar 19 08:07:00: ocsigen:ocsipersist:dbm: Launching a new Ocsidbm process: ocsidbm on directory local/var/data/h42n42.
Mar 19 08:07:01: ocsigen:ocsipersist:dbm: ...Initialization complete
Mar 19 08:07:45: ocsigen:ocsipersist:dbm: Initializing ...
Mar 19 08:07:45: ocsigen:ocsipersist:dbm: Launching a new Ocsidbm process: ocsidbm on directory local/var/data/h42n42.
Mar 19 08:07:46: ocsigen:ocsipersist:dbm: ...Initialization complete
Mar 19 08:08:36: ocsigen:ocsipersist:dbm: Initializing ...
Mar 19 08:08:36: ocsigen:ocsipersist:dbm: Launching a new Ocsidbm process: ocsidbm on directory local/var/data/h42n42.
Mar 19 08:08:37: ocsigen:ocsipersist:dbm: ...Initialization complete
Mar 19 08:09:40: ocsigen:ocsipersist:dbm: Initializing ...
Mar 19 08:09:40: ocsigen:ocsipersist:dbm: Launching a new Ocsidbm process: ocsidbm on directory local/var/data/h42n42.
Mar 19 08:09:41: ocsigen:ocsipersist:dbm: ...Initialization complete
Mar 19 08:11:48: ocsigen:ocsipersist:dbm: Initializing ...
Mar 19 08:11:48: ocsigen:ocsipersist:dbm: Launching a new Ocsidbm process: ocsidbm on directory local/var/data/h42n42.
Mar 19 08:11:49: ocsigen:ocsipersist:dbm: ...Initialization complete
Mar 19 08:26:26: ocsigen:ocsipersist:dbm: Initializing ...
Mar 19 08:26:26: ocsigen:ocsipersist:dbm: Launching a new Ocsidbm process: ocsidbm on directory local/var/data/h42n42.
Mar 19 08:26:27: ocsigen:ocsipersist:dbm: ...Initialization complete
Mar 19 08:26:49: ocsigen:ocsipersist:dbm: Initializing ...
Mar 19 08:26:49: ocsigen:ocsipersist:dbm: Launching a new Ocsidbm process: ocsidbm on directory local/var/data/h42n42.
Mar 19 08:26:50: ocsigen:ocsipersist:dbm: ...Initialization complete
Mar 19 08:27:33: ocsigen:ocsipersist:dbm: Initializing ...
Mar 19 08:27:33: ocsigen:ocsipersist:dbm: Launching a new Ocsidbm process: ocsidbm on directory local/var/data/h42n42.
Mar 19 08:27:34: ocsigen:ocsipersist:dbm: ...Initialization complete
Mar 19 08:28:18: ocsigen:ocsipersist:dbm: Initializing ...
Mar 19 08:28:18: ocsigen:ocsipersist:dbm: Launching a new Ocsidbm process: ocsidbm on directory local/var/data/h42n42.
Mar 19 08:28:19: ocsigen:ocsipersist:dbm: ...Initialization complete
Mar 19 08:29:09: ocsigen:ocsipersist:dbm: Initializing ...
Mar 19 08:29:09: ocsigen:ocsipersist:dbm: Launching a new Ocsidbm process: ocsidbm on directory local/var/data/h42n42.
Mar 19 08:29:11: ocsigen:ocsipersist:dbm: ...Initialization complete
Mar 19 08:29:19: ocsigen:ocsipersist:dbm: Initializing ...
Mar 19 08:29:19: ocsigen:ocsipersist:dbm: Launching a new Ocsidbm process: ocsidbm on directory local/var/data/h42n42.
Mar 19 08:29:20: ocsigen:ocsipersist:dbm: ...Initialization complete
Mar 19 08:58:26: ocsigen:ocsipersist:dbm: Initializing ...
Mar 19 08:58:26: ocsigen:ocsipersist:dbm: Launching a new Ocsidbm process: ocsidbm on directory local/var/data/h42n42.
Mar 19 08:58:27: ocsigen:ocsipersist:dbm: ...Initialization complete
Mar 19 09:03:58: ocsigen:ocsipersist:dbm: Initializing ...
Mar 19 09:03:58: ocsigen:ocsipersist:dbm: Launching a new Ocsidbm process: ocsidbm on directory local/var/data/h42n42.
Mar 19 09:03:59: ocsigen:ocsipersist:dbm: ...Initialization complete
Mar 19 09:04:31: ocsigen:ocsipersist:dbm: Initializing ...
Mar 19 09:04:31: ocsigen:ocsipersist:dbm: Launching a new Ocsidbm process: ocsidbm on directory local/var/data/h42n42.
Mar 19 09:04:32: ocsigen:ocsipersist:dbm: ...Initialization complete
Mar 19 09:07:40: ocsigen:ocsipersist:dbm: Initializing ...
Mar 19 09:07:40: ocsigen:ocsipersist:dbm: Launching a new Ocsidbm process: ocsidbm on directory local/var/data/h42n42.
Mar 19 09:07:42: ocsigen:ocsipersist:dbm: ...Initialization complete
Mar 19 09:17:06: ocsigen:ocsipersist:dbm: Initializing ...
Mar 19 09:17:06: ocsigen:ocsipersist:dbm: Launching a new Ocsidbm process: ocsidbm on directory local/var/data/h42n42.
Mar 19 09:17:07: ocsigen:ocsipersist:dbm: ...Initialization complete
Mar 19 09:20:46: ocsigen:ocsipersist:dbm: Initializing ...
Mar 19 09:20:46: ocsigen:ocsipersist:dbm: Launching a new Ocsidbm process: ocsidbm on directory local/var/data/h42n42.
Mar 19 09:20:47: ocsigen:ocsipersist:dbm: ...Initialization complete
Mar 19 09:32:51: ocsigen:ocsipersist:dbm: Initializing ...
Mar 19 09:32:51: ocsigen:ocsipersist:dbm: Launching a new Ocsidbm process: ocsidbm on directory local/var/data/h42n42.
Mar 19 09:32:52: ocsigen:ocsipersist:dbm: ...Initialization complete
Mar 19 09:38:11: ocsigen:ocsipersist:dbm: Initializing ...
Mar 19 09:38:11: ocsigen:ocsipersist:dbm: Launching a new Ocsidbm process: ocsidbm on directory local/var/data/h42n42.
Mar 19 09:38:12: ocsigen:ocsipersist:dbm: ...Initialization complete
Mar 19 09:47:14: ocsigen:ocsipersist:dbm: Initializing ...
Mar 19 09:47:14: ocsigen:ocsipersist:dbm: Launching a new Ocsidbm process: ocsidbm on directory local/var/data/h42n42.
Mar 19 09:47:15: ocsigen:ocsipersist:dbm: ...Initialization complete
Mar 19 21:26:24: ocsigen:ocsipersist:dbm: Initializing ...
Mar 19 21:26:24: ocsigen:ocsipersist:dbm: Launching a new Ocsidbm process: ocsidbm on directory local/var/data/h42n42.
Mar 19 21:26:25: ocsigen:ocsipersist:dbm: ...Initialization complete
Mar 19 21:29:28: ocsigen:ocsipersist:dbm: Initializing ...
Mar 19 21:29:28: ocsigen:ocsipersist:dbm: Launching a new Ocsidbm process: ocsidbm on directory local/var/data/h42n42.
Mar 19 21:29:29: ocsigen:ocsipersist:dbm: ...Initialization complete
Mar 19 21:32:11: ocsigen:ocsipersist:dbm: Initializing ...
Mar 19 21:32:11: ocsigen:ocsipersist:dbm: Launching a new Ocsidbm process: ocsidbm on directory local/var/data/h42n42.
Mar 19 21:32:12: ocsigen:ocsipersist:dbm: ...Initialization complete
Mar 19 21:32:46: ocsigen:ocsipersist:dbm: Initializing ...
Mar 19 21:32:46: ocsigen:ocsipersist:dbm: Launching a new Ocsidbm process: ocsidbm on directory local/var/data/h42n42.
Mar 19 21:32:48: ocsigen:ocsipersist:dbm: ...Initialization complete
Mar 19 21:33:00: ocsigen:ocsipersist:dbm: Initializing ...
Mar 19 21:33:00: ocsigen:ocsipersist:dbm: Launching a new Ocsidbm process: ocsidbm on directory local/var/data/h42n42.
Mar 19 21:33:01: ocsigen:ocsipersist:dbm: ...Initialization complete
Mar 19 21:34:20: ocsigen:ocsipersist:dbm: Initializing ...
Mar 19 21:34:20: ocsigen:ocsipersist:dbm: Launching a new Ocsidbm process: ocsidbm on directory local/var/data/h42n42.
Mar 19 21:34:21: ocsigen:ocsipersist:dbm: ...Initialization complete
Mar 19 21:37:39: ocsigen:ocsipersist:dbm: Initializing ...
Mar 19 21:37:39: ocsigen:ocsipersist:dbm: Launching a new Ocsidbm process: ocsidbm on directory local/var/data/h42n42.
Mar 19 21:37:41: ocsigen:ocsipersist:dbm: ...Initialization complete
Mar 19 21:56:17: ocsigen:ocsipersist:dbm: Initializing ...
Mar 19 21:56:17: ocsigen:ocsipersist:dbm: Launching a new Ocsidbm process: ocsidbm on directory local/var/data/h42n42.
Mar 19 21:56:18: ocsigen:ocsipersist:dbm: ...Initialization complete
Mar 19 21:56:33: ocsigen:ocsipersist:dbm: Initializing ...
Mar 19 21:56:33: ocsigen:ocsipersist:dbm: Launching a new Ocsidbm process: ocsidbm on directory local/var/data/h42n42.
Mar 19 21:56:34: ocsigen:ocsipersist:dbm: ...Initialization complete
Mar 19 21:58:02: ocsigen:ocsipersist:dbm: Initializing ...
Mar 19 21:58:02: ocsigen:ocsipersist:dbm: Launching a new Ocsidbm process: ocsidbm on directory local/var/data/h42n42.
Mar 19 21:58:03: ocsigen:ocsipersist:dbm: ...Initialization complete
Mar 19 22:00:04: ocsigen:ocsipersist:dbm: Initializing ...
Mar 19 22:00:04: ocsigen:ocsipersist:dbm: Launching a new Ocsidbm process: ocsidbm on directory local/var/data/h42n42.
Mar 19 22:00:05: ocsigen:ocsipersist:dbm: ...Initialization complete
Mar 19 22:00:30: ocsigen:ocsipersist:dbm: Initializing ...
Mar 19 22:00:30: ocsigen:ocsipersist:dbm: Launching a new Ocsidbm process: ocsidbm on directory local/var/data/h42n42.
Mar 19 22:00:31: ocsigen:ocsipersist:dbm: ...Initialization complete
Mar 19 22:01:24: ocsigen:ocsipersist:dbm: Initializing ...
Mar 19 22:01:24: ocsigen:ocsipersist:dbm: Launching a new Ocsidbm process: ocsidbm on directory local/var/data/h42n42.
Mar 19 22:01:25: ocsigen:ocsipersist:dbm: ...Initialization complete
Mar 19 22:02:05: ocsigen:ocsipersist:dbm: Initializing ...
Mar 19 22:02:05: ocsigen:ocsipersist:dbm: Launching a new Ocsidbm process: ocsidbm on directory local/var/data/h42n42.
Mar 19 22:02:06: ocsigen:ocsipersist:dbm: ...Initialization complete
Mar 20 08:23:42: ocsigen:ocsipersist:dbm: Initializing ...
Mar 20 08:23:42: ocsigen:ocsipersist:dbm: Launching a new Ocsidbm process: ocsidbm on directory local/var/data/h42n42.
Mar 20 08:23:43: ocsigen:ocsipersist:dbm: ...Initialization complete
Mar 20 08:27:38: ocsigen:ocsipersist:dbm: Initializing ...
Mar 20 08:27:38: ocsigen:ocsipersist:dbm: Launching a new Ocsidbm process: ocsidbm on directory local/var/data/h42n42.
Mar 20 08:27:39: ocsigen:ocsipersist:dbm: ...Initialization complete
Mar 20 08:30:10: ocsigen:ocsipersist:dbm: Initializing ...
Mar 20 08:30:10: ocsigen:ocsipersist:dbm: Launching a new Ocsidbm process: ocsidbm on directory local/var/data/h42n42.
Mar 20 08:30:11: ocsigen:ocsipersist:dbm: ...Initialization complete
Mar 20 08:30:52: ocsigen:ocsipersist:dbm: Initializing ...
Mar 20 08:30:52: ocsigen:ocsipersist:dbm: Launching a new Ocsidbm process: ocsidbm on directory local/var/data/h42n42.
Mar 20 08:30:53: ocsigen:ocsipersist:dbm: ...Initialization complete
Mar 20 08:32:03: ocsigen:ocsipersist:dbm: Initializing ...
Mar 20 08:32:03: ocsigen:ocsipersist:dbm: Launching a new Ocsidbm process: ocsidbm on directory local/var/data/h42n42.
Mar 20 08:32:04: ocsigen:ocsipersist:dbm: ...Initialization complete
Mar 20 08:33:58: ocsigen:ocsipersist:dbm: Initializing ...
Mar 20 08:33:58: ocsigen:ocsipersist:dbm: Launching a new Ocsidbm process: ocsidbm on directory local/var/data/h42n42.
Mar 20 08:33:59: ocsigen:ocsipersist:dbm: ...Initialization complete
Mar 20 08:36:21: ocsigen:ocsipersist:dbm: Initializing ...
Mar 20 08:36:21: ocsigen:ocsipersist:dbm: Launching a new Ocsidbm process: ocsidbm on directory local/var/data/h42n42.
Mar 20 08:36:22: ocsigen:ocsipersist:dbm: ...Initialization complete
Mar 20 08:38:27: ocsigen:ocsipersist:dbm: Initializing ...
Mar 20 08:38:27: ocsigen:ocsipersist:dbm: Launching a new Ocsidbm process: ocsidbm on directory local/var/data/h42n42.
Mar 20 08:38:28: ocsigen:ocsipersist:dbm: ...Initialization complete
Mar 20 08:39:28: ocsigen:ocsipersist:dbm: Initializing ...
Mar 20 08:39:28: ocsigen:ocsipersist:dbm: Launching a new Ocsidbm process: ocsidbm on directory local/var/data/h42n42.
Mar 20 08:39:29: ocsigen:ocsipersist:dbm: ...Initialization complete
Mar 20 08:53:41: ocsigen:ocsipersist:dbm: Initializing ...
Mar 20 08:53:41: ocsigen:ocsipersist:dbm: Launching a new Ocsidbm process: ocsidbm on directory local/var/data/h42n42.
Mar 20 08:53:42: ocsigen:ocsipersist:dbm: ...Initialization complete
Mar 20 09:13:56: ocsigen:ocsipersist:dbm: Initializing ...
Mar 20 09:13:56: ocsigen:ocsipersist:dbm: Launching a new Ocsidbm process: ocsidbm on directory local/var/data/h42n42.
Mar 20 09:13:58: ocsigen:ocsipersist:dbm: ...Initialization complete
Mar 20 09:15:02: ocsigen:ocsipersist:dbm: Initializing ...
Mar 20 09:15:02: ocsigen:ocsipersist:dbm: Launching a new Ocsidbm process: ocsidbm on directory local/var/data/h42n42.
Mar 20 09:15:03: ocsigen:ocsipersist:dbm: ...Initialization complete
Mar 20 09:15:20: ocsigen:ocsipersist:dbm: Initializing ...
Mar 20 09:15:20: ocsigen:ocsipersist:dbm: Launching a new Ocsidbm process: ocsidbm on directory local/var/data/h42n42.
Mar 20 09:15:21: ocsigen:ocsipersist:dbm: ...Initialization complete
Mar 20 09:15:47: ocsigen:ocsipersist:dbm: Initializing ...
Mar 20 09:15:47: ocsigen:ocsipersist:dbm: Launching a new Ocsidbm process: ocsidbm on directory local/var/data/h42n42.
Mar 20 09:15:48: ocsigen:ocsipersist:dbm: ...Initialization complete
Mar 20 09:16:10: ocsigen:ocsipersist:dbm: Initializing ...
Mar 20 09:16:10: ocsigen:ocsipersist:dbm: Launching a new Ocsidbm process: ocsidbm on directory local/var/data/h42n42.
Mar 20 09:16:11: ocsigen:ocsipersist:dbm: ...Initialization complete
Mar 20 09:16:44: ocsigen:ocsipersist:dbm: Initializing ...
Mar 20 09:16:44: ocsigen:ocsipersist:dbm: Launching a new Ocsidbm process: ocsidbm on directory local/var/data/h42n42.
Mar 20 09:16:46: ocsigen:ocsipersist:dbm: ...Initialization complete
Mar 20 09:18:29: ocsigen:ocsipersist:dbm: Initializing ...
Mar 20 09:18:29: ocsigen:ocsipersist:dbm: Launching a new Ocsidbm process: ocsidbm on directory local/var/data/h42n42.
Mar 20 09:18:30: ocsigen:ocsipersist:dbm: ...Initialization complete
Mar 20 09:22:15: ocsigen:ocsipersist:dbm: Initializing ...
Mar 20 09:22:15: ocsigen:ocsipersist:dbm: Launching a new Ocsidbm process: ocsidbm on directory local/var/data/h42n42.
Mar 20 09:22:16: ocsigen:ocsipersist:dbm: ...Initialization complete
Mar 20 09:27:35: ocsigen:ocsipersist:dbm: Initializing ...
Mar 20 09:27:35: ocsigen:ocsipersist:dbm: Launching a new Ocsidbm process: ocsidbm on directory local/var/data/h42n42.
Mar 20 09:27:36: ocsigen:ocsipersist:dbm: ...Initialization complete
Mar 20 09:29:48: ocsigen:ocsipersist:dbm: Initializing ...
Mar 20 09:29:48: ocsigen:ocsipersist:dbm: Launching a new Ocsidbm process: ocsidbm on directory local/var/data/h42n42.
Mar 20 09:29:49: ocsigen:ocsipersist:dbm: ...Initialization complete
Mar 20 09:32:45: ocsigen:ocsipersist:dbm: Initializing ...
Mar 20 09:32:45: ocsigen:ocsipersist:dbm: Launching a new Ocsidbm process: ocsidbm on directory local/var/data/h42n42.
Mar 20 09:32:46: ocsigen:ocsipersist:dbm: ...Initialization complete
Mar 20 09:33:23: ocsigen:ocsipersist:dbm: Initializing ...
Mar 20 09:33:23: ocsigen:ocsipersist:dbm: Launching a new Ocsidbm process: ocsidbm on directory local/var/data/h42n42.
Mar 20 09:33:24: ocsigen:ocsipersist:dbm: ...Initialization complete
Mar 20 09:33:35: ocsigen:ocsipersist:dbm: Initializing ...
Mar 20 09:33:35: ocsigen:ocsipersist:dbm: Launching a new Ocsidbm process: ocsidbm on directory local/var/data/h42n42.
Mar 20 09:33:36: ocsigen:ocsipersist:dbm: ...Initialization complete
Mar 20 09:34:24: ocsigen:ocsipersist:dbm: Initializing ...
Mar 20 09:34:24: ocsigen:ocsipersist:dbm: Launching a new Ocsidbm process: ocsidbm on directory local/var/data/h42n42.
Mar 20 09:34:25: ocsigen:ocsipersist:dbm: ...Initialization complete
Mar 20 09:34:41: ocsigen:ocsipersist:dbm: Initializing ...
Mar 20 09:34:41: ocsigen:ocsipersist:dbm: Launching a new Ocsidbm process: ocsidbm on directory local/var/data/h42n42.
Mar 20 09:34:42: ocsigen:ocsipersist:dbm: ...Initialization complete
Mar 20 09:35:12: ocsigen:ocsipersist:dbm: Initializing ...
Mar 20 09:35:12: ocsigen:ocsipersist:dbm: Launching a new Ocsidbm process: ocsidbm on directory local/var/data/h42n42.
Mar 20 09:35:13: ocsigen:ocsipersist:dbm: ...Initialization complete
Mar 20 09:36:21: ocsigen:ocsipersist:dbm: Initializing ...
Mar 20 09:36:21: ocsigen:ocsipersist:dbm: Launching a new Ocsidbm process: ocsidbm on directory local/var/data/h42n42.
Mar 20 09:36:22: ocsigen:ocsipersist:dbm: ...Initialization complete
Mar 20 09:44:51: ocsigen:ocsipersist:dbm: Initializing ...
Mar 20 09:44:51: ocsigen:ocsipersist:dbm: Launching a new Ocsidbm process: ocsidbm on directory local/var/data/h42n42.
Mar 20 09:44:52: ocsigen:ocsipersist:dbm: ...Initialization complete
Mar 20 09:48:04: ocsigen:ocsipersist:dbm: Initializing ...
Mar 20 09:48:04: ocsigen:ocsipersist:dbm: Launching a new Ocsidbm process: ocsidbm on directory local/var/data/h42n42.
Mar 20 09:48:05: ocsigen:ocsipersist:dbm: ...Initialization complete
Mar 20 09:49:59: ocsigen:ocsipersist:dbm: Initializing ...
Mar 20 09:49:59: ocsigen:ocsipersist:dbm: Launching a new Ocsidbm process: ocsidbm on directory local/var/data/h42n42.
Mar 20 09:50:00: ocsigen:ocsipersist:dbm: ...Initialization complete
Mar 21 20:24:29: ocsigen:ocsipersist:dbm: Initializing ...
Mar 21 20:24:29: ocsigen:ocsipersist:dbm: Launching a new Ocsidbm process: ocsidbm on directory local/var/data/h42n42.
Mar 21 20:24:30: ocsigen:ocsipersist:dbm: ...Initialization complete
Mar 22 08:33:55: ocsigen:ocsipersist:dbm: Initializing ...
Mar 22 08:33:55: ocsigen:ocsipersist:dbm: Launching a new Ocsidbm process: ocsidbm on directory local/var/data/h42n42.
Mar 22 08:33:56: ocsigen:ocsipersist:dbm: ...Initialization complete
Mar 22 08:35:00: ocsigen:ocsipersist:dbm: Initializing ...
Mar 22 08:35:00: ocsigen:ocsipersist:dbm: Launching a new Ocsidbm process: ocsidbm on directory local/var/data/h42n42.
Mar 22 08:35:01: ocsigen:ocsipersist:dbm: ...Initialization complete
Mar 22 08:37:51: ocsigen:ocsipersist:dbm: Initializing ...
Mar 22 08:37:51: ocsigen:ocsipersist:dbm: Launching a new Ocsidbm process: ocsidbm on directory local/var/data/h42n42.
Mar 22 08:37:52: ocsigen:ocsipersist:dbm: ...Initialization complete
Mar 22 09:36:09: ocsigen:ocsipersist:dbm: Initializing ...
Mar 22 09:36:09: ocsigen:ocsipersist:dbm: Launching a new Ocsidbm process: ocsidbm on directory local/var/data/h42n42.
Mar 22 09:36:10: ocsigen:ocsipersist:dbm: ...Initialization complete
Mar 22 09:40:35: ocsigen:ocsipersist:dbm: Initializing ...
Mar 22 09:40:35: ocsigen:ocsipersist:dbm: Launching a new Ocsidbm process: ocsidbm on directory local/var/data/h42n42.
Mar 22 09:40:36: ocsigen:ocsipersist:dbm: ...Initialization complete
Mar 22 09:46:15: ocsigen:ocsipersist:dbm: Initializing ...
Mar 22 09:46:15: ocsigen:ocsipersist:dbm: Launching a new Ocsidbm process: ocsidbm on directory local/var/data/h42n42.
Mar 22 09:46:16: ocsigen:ocsipersist:dbm: ...Initialization complete
Mar 22 09:53:02: ocsigen:ocsipersist:dbm: Initializing ...
Mar 22 09:53:02: ocsigen:ocsipersist:dbm: Launching a new Ocsidbm process: ocsidbm on directory local/var/data/h42n42.
Mar 22 09:53:04: ocsigen:ocsipersist:dbm: ...Initialization complete
Mar 22 09:54:11: ocsigen:ocsipersist:dbm: Initializing ...
Mar 22 09:54:11: ocsigen:ocsipersist:dbm: Launching a new Ocsidbm process: ocsidbm on directory local/var/data/h42n42.
Mar 22 09:54:12: ocsigen:ocsipersist:dbm: ...Initialization complete
Mar 22 09:54:51: ocsigen:ocsipersist:dbm: Initializing ...
Mar 22 09:54:51: ocsigen:ocsipersist:dbm: Launching a new Ocsidbm process: ocsidbm on directory local/var/data/h42n42.
Mar 22 09:54:52: ocsigen:ocsipersist:dbm: ...Initialization complete
Mar 22 10:01:38: ocsigen:ocsipersist:dbm: Initializing ...
Mar 22 10:01:38: ocsigen:ocsipersist:dbm: Launching a new Ocsidbm process: ocsidbm on directory local/var/data/h42n42.
Mar 22 10:01:39: ocsigen:ocsipersist:dbm: ...Initialization complete
Mar 22 10:02:34: ocsigen:ocsipersist:dbm: Initializing ...
Mar 22 10:02:34: ocsigen:ocsipersist:dbm: Launching a new Ocsidbm process: ocsidbm on directory local/var/data/h42n42.
Mar 22 10:02:35: ocsigen:ocsipersist:dbm: ...Initialization complete
Mar 22 10:04:16: ocsigen:ocsipersist:dbm: Initializing ...
Mar 22 10:04:16: ocsigen:ocsipersist:dbm: Launching a new Ocsidbm process: ocsidbm on directory local/var/data/h42n42.
Mar 22 10:04:17: ocsigen:ocsipersist:dbm: ...Initialization complete
Mar 22 10:04:30: ocsigen:ocsipersist:dbm: Initializing ...
Mar 22 10:04:30: ocsigen:ocsipersist:dbm: Launching a new Ocsidbm process: ocsidbm on directory local/var/data/h42n42.
Mar 22 10:04:31: ocsigen:ocsipersist:dbm: ...Initialization complete
Mar 22 10:05:02: ocsigen:ocsipersist:dbm: Initializing ...
Mar 22 10:05:02: ocsigen:ocsipersist:dbm: Launching a new Ocsidbm process: ocsidbm on directory local/var/data/h42n42.
Mar 22 10:05:03: ocsigen:ocsipersist:dbm: ...Initialization complete
Mar 22 10:06:27: ocsigen:ocsipersist:dbm: Initializing ...
Mar 22 10:06:27: ocsigen:ocsipersist:dbm: Launching a new Ocsidbm process: ocsidbm on directory local/var/data/h42n42.
Mar 22 10:06:28: ocsigen:ocsipersist:dbm: ...Initialization complete
Mar 22 10:07:24: ocsigen:ocsipersist:dbm: Initializing ...
Mar 22 10:07:24: ocsigen:ocsipersist:dbm: Launching a new Ocsidbm process: ocsidbm on directory local/var/data/h42n42.
Mar 22 10:07:25: ocsigen:ocsipersist:dbm: ...Initialization complete
Mar 22 10:08:33: ocsigen:ocsipersist:dbm: Initializing ...
Mar 22 10:08:33: ocsigen:ocsipersist:dbm: Launching a new Ocsidbm process: ocsidbm on directory local/var/data/h42n42.
Mar 22 10:08:34: ocsigen:ocsipersist:dbm: ...Initialization complete
Mar 22 10:09:33: ocsigen:ocsipersist:dbm: Initializing ...
Mar 22 10:09:33: ocsigen:ocsipersist:dbm: Launching a new Ocsidbm process: ocsidbm on directory local/var/data/h42n42.
Mar 22 10:09:34: ocsigen:ocsipersist:dbm: ...Initialization complete
Mar 22 10:11:00: ocsigen:ocsipersist:dbm: Initializing ...
Mar 22 10:11:00: ocsigen:ocsipersist:dbm: Launching a new Ocsidbm process: ocsidbm on directory local/var/data/h42n42.
Mar 22 10:11:01: ocsigen:ocsipersist:dbm: ...Initialization complete
Mar 22 10:12:01: ocsigen:ocsipersist:dbm: Initializing ...
Mar 22 10:12:01: ocsigen:ocsipersist:dbm: Launching a new Ocsidbm process: ocsidbm on directory local/var/data/h42n42.
Mar 22 10:12:02: ocsigen:ocsipersist:dbm: ...Initialization complete
Mar 22 10:20:47: ocsigen:ocsipersist:dbm: Initializing ...
Mar 22 10:20:47: ocsigen:ocsipersist:dbm: Launching a new Ocsidbm process: ocsidbm on directory local/var/data/h42n42.
Mar 22 10:20:48: ocsigen:ocsipersist:dbm: ...Initialization complete
Mar 22 10:35:13: ocsigen:ocsipersist:dbm: Initializing ...
Mar 22 10:35:13: ocsigen:ocsipersist:dbm: Launching a new Ocsidbm process: ocsidbm on directory local/var/data/h42n42.
Mar 22 10:35:14: ocsigen:ocsipersist:dbm: ...Initialization complete
Mar 22 10:38:05: ocsigen:ocsipersist:dbm: Initializing ...
Mar 22 10:38:05: ocsigen:ocsipersist:dbm: Launching a new Ocsidbm process: ocsidbm on directory local/var/data/h42n42.
Mar 22 10:38:06: ocsigen:ocsipersist:dbm: ...Initialization complete
Mar 22 11:07:45: ocsigen:ocsipersist:dbm: Initializing ...
Mar 22 11:07:45: ocsigen:ocsipersist:dbm: Launching a new Ocsidbm process: ocsidbm on directory local/var/data/h42n42.
Mar 22 11:07:46: ocsigen:ocsipersist:dbm: ...Initialization complete
Mar 22 11:10:31: ocsigen:ocsipersist:dbm: Initializing ...
Mar 22 11:10:31: ocsigen:ocsipersist:dbm: Launching a new Ocsidbm process: ocsidbm on directory local/var/data/h42n42.
Mar 22 11:10:32: ocsigen:ocsipersist:dbm: ...Initialization complete
Mar 22 11:17:09: ocsigen:ocsipersist:dbm: Initializing ...
Mar 22 11:17:09: ocsigen:ocsipersist:dbm: Launching a new Ocsidbm process: ocsidbm on directory local/var/data/h42n42.
Mar 22 13:53:13: ocsigen:ocsipersist:dbm: Initializing ...
Mar 22 13:53:13: ocsigen:ocsipersist:dbm: Launching a new Ocsidbm process: ocsidbm on directory local/var/data/h42n42.
Mar 22 13:53:14: ocsigen:ocsipersist:dbm: ...Initialization complete
Mar 22 13:57:48: ocsigen:ocsipersist:dbm: Initializing ...
Mar 22 13:57:48: ocsigen:ocsipersist:dbm: Launching a new Ocsidbm process: ocsidbm on directory local/var/data/h42n42.
Mar 22 13:57:49: ocsigen:ocsipersist:dbm: ...Initialization complete
Mar 22 13:58:03: ocsigen:ocsipersist:dbm: Initializing ...
Mar 22 13:58:03: ocsigen:ocsipersist:dbm: Launching a new Ocsidbm process: ocsidbm on directory local/var/data/h42n42.
Mar 22 13:58:04: ocsigen:ocsipersist:dbm: ...Initialization complete
Mar 22 14:00:37: ocsigen:ocsipersist:dbm: Initializing ...
Mar 22 14:00:37: ocsigen:ocsipersist:dbm: Launching a new Ocsidbm process: ocsidbm on directory local/var/data/h42n42.
Mar 22 14:00:39: ocsigen:ocsipersist:dbm: ...Initialization complete
Mar 22 14:02:11: ocsigen:ocsipersist:dbm: Initializing ...
Mar 22 14:02:11: ocsigen:ocsipersist:dbm: Launching a new Ocsidbm process: ocsidbm on directory local/var/data/h42n42.
Mar 22 14:02:12: ocsigen:ocsipersist:dbm: ...Initialization complete
Mar 22 14:03:25: ocsigen:ocsipersist:dbm: Initializing ...
Mar 22 14:03:25: ocsigen:ocsipersist:dbm: Launching a new Ocsidbm process: ocsidbm on directory local/var/data/h42n42.
Mar 22 14:03:26: ocsigen:ocsipersist:dbm: ...Initialization complete
Mar 22 14:04:42: ocsigen:ocsipersist:dbm: Initializing ...
Mar 22 14:04:42: ocsigen:ocsipersist:dbm: Launching a new Ocsidbm process: ocsidbm on directory local/var/data/h42n42.
Mar 22 14:04:43: ocsigen:ocsipersist:dbm: ...Initialization complete
Mar 22 14:11:44: ocsigen:ocsipersist:dbm: Initializing ...
Mar 22 14:11:44: ocsigen:ocsipersist:dbm: Launching a new Ocsidbm process: ocsidbm on directory local/var/data/h42n42.
Mar 22 14:11:45: ocsigen:ocsipersist:dbm: ...Initialization complete
Mar 23 18:44:29: ocsigen:ocsipersist:dbm: Initializing ...
Mar 23 18:44:29: ocsigen:ocsipersist:dbm: Launching a new Ocsidbm process: ocsidbm on directory local/var/data/h42n42.
Mar 23 18:44:30: ocsigen:ocsipersist:dbm: ...Initialization complete
Mar 23 18:57:56: ocsigen:ocsipersist:dbm: Initializing ...
Mar 23 18:57:56: ocsigen:ocsipersist:dbm: Launching a new Ocsidbm process: ocsidbm on directory local/var/data/h42n42.
Mar 23 18:57:57: ocsigen:ocsipersist:dbm: ...Initialization complete
Mar 23 19:02:55: ocsigen:ocsipersist:dbm: Initializing ...
Mar 23 19:02:55: ocsigen:ocsipersist:dbm: Launching a new Ocsidbm process: ocsidbm on directory local/var/data/h42n42.
Mar 23 19:02:56: ocsigen:ocsipersist:dbm: ...Initialization complete
Mar 23 19:05:36: ocsigen:ocsipersist:dbm: Initializing ...
Mar 23 19:05:36: ocsigen:ocsipersist:dbm: Launching a new Ocsidbm process: ocsidbm on directory local/var/data/h42n42.
Mar 23 19:05:37: ocsigen:ocsipersist:dbm: ...Initialization complete
Mar 23 19:09:10: ocsigen:ocsipersist:dbm: Initializing ...
Mar 23 19:09:10: ocsigen:ocsipersist:dbm: Launching a new Ocsidbm process: ocsidbm on directory local/var/data/h42n42.
Mar 23 19:09:11: ocsigen:ocsipersist:dbm: ...Initialization complete
Mar 23 19:10:38: ocsigen:ocsipersist:dbm: Initializing ...
Mar 23 19:10:38: ocsigen:ocsipersist:dbm: Launching a new Ocsidbm process: ocsidbm on directory local/var/data/h42n42.
Mar 23 19:10:39: ocsigen:ocsipersist:dbm: ...Initialization complete
Mar 23 19:31:49: ocsigen:ocsipersist:dbm: Initializing ...
Mar 23 19:31:49: ocsigen:ocsipersist:dbm: Launching a new Ocsidbm process: ocsidbm on directory local/var/data/h42n42.
Mar 23 19:32:01: ocsigen:ocsipersist:dbm: Initializing ...
Mar 23 19:32:01: ocsigen:ocsipersist:dbm: Launching a new Ocsidbm process: ocsidbm on directory local/var/data/h42n42.
Mar 23 19:32:10: ocsigen:ocsipersist:dbm: Initializing ...
Mar 23 19:32:10: ocsigen:ocsipersist:dbm: Launching a new Ocsidbm process: ocsidbm on directory local/var/data/h42n42.
Mar 23 19:32:11: ocsigen:ocsipersist:dbm: ...Initialization complete
Mar 23 19:33:08: ocsigen:ocsipersist:dbm: Initializing ...
Mar 23 19:33:08: ocsigen:ocsipersist:dbm: Launching a new Ocsidbm process: ocsidbm on directory local/var/data/h42n42.
Mar 23 19:33:09: ocsigen:ocsipersist:dbm: ...Initialization complete
Mar 23 19:33:55: ocsigen:ocsipersist:dbm: Initializing ...
Mar 23 19:33:55: ocsigen:ocsipersist:dbm: Launching a new Ocsidbm process: ocsidbm on directory local/var/data/h42n42.
Mar 23 19:33:57: ocsigen:ocsipersist:dbm: ...Initialization complete
Mar 23 19:34:27: ocsigen:ocsipersist:dbm: Initializing ...
Mar 23 19:34:27: ocsigen:ocsipersist:dbm: Launching a new Ocsidbm process: ocsidbm on directory local/var/data/h42n42.
Mar 23 19:34:29: ocsigen:ocsipersist:dbm: ...Initialization complete
Mar 23 19:34:39: ocsigen:ocsipersist:dbm: Initializing ...
Mar 23 19:34:39: ocsigen:ocsipersist:dbm: Launching a new Ocsidbm process: ocsidbm on directory local/var/data/h42n42.
Mar 23 19:34:40: ocsigen:ocsipersist:dbm: ...Initialization complete
Mar 23 19:35:48: ocsigen:ocsipersist:dbm: Initializing ...
Mar 23 19:35:48: ocsigen:ocsipersist:dbm: Launching a new Ocsidbm process: ocsidbm on directory local/var/data/h42n42.
Mar 23 19:35:49: ocsigen:ocsipersist:dbm: ...Initialization complete
Mar 23 19:36:52: ocsigen:ocsipersist:dbm: Initializing ...
Mar 23 19:36:52: ocsigen:ocsipersist:dbm: Launching a new Ocsidbm process: ocsidbm on directory local/var/data/h42n42.
Mar 23 19:36:53: ocsigen:ocsipersist:dbm: ...Initialization complete
Mar 23 19:38:14: ocsigen:ocsipersist:dbm: Initializing ...
Mar 23 19:38:14: ocsigen:ocsipersist:dbm: Launching a new Ocsidbm process: ocsidbm on directory local/var/data/h42n42.
Mar 23 19:38:15: ocsigen:ocsipersist:dbm: ...Initialization complete
Mar 23 19:38:38: ocsigen:ocsipersist:dbm: Initializing ...
Mar 23 19:38:38: ocsigen:ocsipersist:dbm: Launching a new Ocsidbm process: ocsidbm on directory local/var/data/h42n42.
Mar 23 19:38:39: ocsigen:ocsipersist:dbm: ...Initialization complete
Mar 24 10:56:46: ocsigen:ocsipersist:dbm: Initializing ...
Mar 24 10:56:46: ocsigen:ocsipersist:dbm: Launching a new Ocsidbm process: ocsidbm on directory local/var/data/h42n42.
Mar 24 10:56:47: ocsigen:ocsipersist:dbm: ...Initialization complete
Mar 24 11:06:41: ocsigen:ocsipersist:dbm: Initializing ...
Mar 24 11:06:41: ocsigen:ocsipersist:dbm: Launching a new Ocsidbm process: ocsidbm on directory local/var/data/h42n42.
Mar 24 11:06:42: ocsigen:ocsipersist:dbm: ...Initialization complete
Mar 24 11:10:47: ocsigen:ocsipersist:dbm: Initializing ...
Mar 24 11:10:47: ocsigen:ocsipersist:dbm: Launching a new Ocsidbm process: ocsidbm on directory local/var/data/h42n42.
Mar 24 11:10:49: ocsigen:ocsipersist:dbm: ...Initialization complete
Mar 24 11:20:33: ocsigen:ocsipersist:dbm: Initializing ...
Mar 24 11:20:33: ocsigen:ocsipersist:dbm: Launching a new Ocsidbm process: ocsidbm on directory local/var/data/h42n42.
Mar 24 11:21:40: ocsigen:ocsipersist:dbm: Initializing ...
Mar 24 11:21:40: ocsigen:ocsipersist:dbm: Launching a new Ocsidbm process: ocsidbm on directory local/var/data/h42n42.
Mar 24 11:21:41: ocsigen:ocsipersist:dbm: ...Initialization complete
Mar 24 11:22:59: ocsigen:ocsipersist:dbm: Initializing ...
Mar 24 11:22:59: ocsigen:ocsipersist:dbm: Launching a new Ocsidbm process: ocsidbm on directory local/var/data/h42n42.
Mar 24 11:23:00: ocsigen:ocsipersist:dbm: ...Initialization complete
Mar 24 11:37:45: ocsigen:ocsipersist:dbm: Initializing ...
Mar 24 11:37:45: ocsigen:ocsipersist:dbm: Launching a new Ocsidbm process: ocsidbm on directory local/var/data/h42n42.
Mar 24 11:37:46: ocsigen:ocsipersist:dbm: ...Initialization complete
Mar 24 11:38:17: ocsigen:ocsipersist:dbm: Initializing ...
Mar 24 11:38:17: ocsigen:ocsipersist:dbm: Launching a new Ocsidbm process: ocsidbm on directory local/var/data/h42n42.
Mar 24 11:38:18: ocsigen:ocsipersist:dbm: ...Initialization complete
Mar 24 11:38:44: ocsigen:ocsipersist:dbm: Initializing ...
Mar 24 11:38:44: ocsigen:ocsipersist:dbm: Launching a new Ocsidbm process: ocsidbm on directory local/var/data/h42n42.
Mar 24 11:38:45: ocsigen:ocsipersist:dbm: ...Initialization complete
Mar 24 11:41:03: ocsigen:ocsipersist:dbm: Initializing ...
Mar 24 11:41:03: ocsigen:ocsipersist:dbm: Launching a new Ocsidbm process: ocsidbm on directory local/var/data/h42n42.
Mar 24 11:41:04: ocsigen:ocsipersist:dbm: ...Initialization complete
Mar 24 11:42:09: ocsigen:ocsipersist:dbm: Initializing ...
Mar 24 11:42:09: ocsigen:ocsipersist:dbm: Launching a new Ocsidbm process: ocsidbm on directory local/var/data/h42n42.
Mar 24 11:42:10: ocsigen:ocsipersist:dbm: ...Initialization complete
Mar 24 11:43:55: ocsigen:ocsipersist:dbm: Initializing ...
Mar 24 11:43:55: ocsigen:ocsipersist:dbm: Launching a new Ocsidbm process: ocsidbm on directory local/var/data/h42n42.
Mar 24 11:43:56: ocsigen:ocsipersist:dbm: ...Initialization complete
Mar 24 12:03:55: ocsigen:ocsipersist:dbm: Initializing ...
Mar 24 12:03:55: ocsigen:ocsipersist:dbm: Launching a new Ocsidbm process: ocsidbm on directory local/var/data/h42n42.
Mar 24 12:03:56: ocsigen:ocsipersist:dbm: ...Initialization complete
Mar 24 15:31:02: ocsigen:ocsipersist:dbm: Initializing ...
Mar 24 15:31:02: ocsigen:ocsipersist:dbm: Launching a new Ocsidbm process: ocsidbm on directory local/var/data/h42n42.
Mar 24 15:31:03: ocsigen:ocsipersist:dbm: ...Initialization complete
Mar 24 15:35:15: ocsigen:ocsipersist:dbm: Initializing ...
Mar 24 15:35:15: ocsigen:ocsipersist:dbm: Launching a new Ocsidbm process: ocsidbm on directory local/var/data/h42n42.
Mar 24 15:35:16: ocsigen:ocsipersist:dbm: ...Initialization complete
Mar 24 15:36:15: ocsigen:ocsipersist:dbm: Initializing ...
Mar 24 15:36:15: ocsigen:ocsipersist:dbm: Launching a new Ocsidbm process: ocsidbm on directory local/var/data/h42n42.
Mar 24 15:36:16: ocsigen:ocsipersist:dbm: ...Initialization complete
Mar 24 15:37:53: ocsigen:ocsipersist:dbm: Initializing ...
Mar 24 15:37:53: ocsigen:ocsipersist:dbm: Launching a new Ocsidbm process: ocsidbm on directory local/var/data/h42n42.
Mar 24 15:37:54: ocsigen:ocsipersist:dbm: ...Initialization complete
Mar 24 15:41:57: ocsigen:ocsipersist:dbm: Initializing ...
Mar 24 15:41:57: ocsigen:ocsipersist:dbm: Launching a new Ocsidbm process: ocsidbm on directory local/var/data/h42n42.
Mar 24 15:41:58: ocsigen:ocsipersist:dbm: ...Initialization complete
Mar 24 15:42:28: ocsigen:ocsipersist:dbm: Initializing ...
Mar 24 15:42:28: ocsigen:ocsipersist:dbm: Launching a new Ocsidbm process: ocsidbm on directory local/var/data/h42n42.
Mar 24 15:42:29: ocsigen:ocsipersist:dbm: ...Initialization complete
Mar 24 15:48:37: ocsigen:ocsipersist:dbm: Initializing ...
Mar 24 15:48:37: ocsigen:ocsipersist:dbm: Launching a new Ocsidbm process: ocsidbm on directory local/var/data/h42n42.
Mar 24 15:48:38: ocsigen:ocsipersist:dbm: ...Initialization complete
Mar 24 15:58:56: ocsigen:ocsipersist:dbm: Initializing ...
Mar 24 15:58:56: ocsigen:ocsipersist:dbm: Launching a new Ocsidbm process: ocsidbm on directory local/var/data/h42n42.
Mar 24 15:58:57: ocsigen:ocsipersist:dbm: ...Initialization complete
Mar 24 15:59:58: ocsigen:ocsipersist:dbm: Initializing ...
Mar 24 15:59:58: ocsigen:ocsipersist:dbm: Launching a new Ocsidbm process: ocsidbm on directory local/var/data/h42n42.
Mar 24 15:59:59: ocsigen:ocsipersist:dbm: ...Initialization complete
Mar 24 16:00:05: ocsigen:ocsipersist:dbm: Initializing ...
Mar 24 16:00:05: ocsigen:ocsipersist:dbm: Launching a new Ocsidbm process: ocsidbm on directory local/var/data/h42n42.
Mar 24 16:00:06: ocsigen:ocsipersist:dbm: ...Initialization complete
Mar 24 16:01:57: ocsigen:ocsipersist:dbm: Initializing ...
Mar 24 16:01:57: ocsigen:ocsipersist:dbm: Launching a new Ocsidbm process: ocsidbm on directory local/var/data/h42n42.
Mar 24 16:01:58: ocsigen:ocsipersist:dbm: ...Initialization complete
Mar 24 16:04:27: ocsigen:ocsipersist:dbm: Initializing ...
Mar 24 16:04:27: ocsigen:ocsipersist:dbm: Launching a new Ocsidbm process: ocsidbm on directory local/var/data/h42n42.
Mar 24 16:04:28: ocsigen:ocsipersist:dbm: ...Initialization complete
Mar 24 16:07:01: ocsigen:ocsipersist:dbm: Initializing ...
Mar 24 16:07:01: ocsigen:ocsipersist:dbm: Launching a new Ocsidbm process: ocsidbm on directory local/var/data/h42n42.
Mar 24 16:07:02: ocsigen:ocsipersist:dbm: ...Initialization complete
Mar 24 16:07:39: ocsigen:ocsipersist:dbm: Initializing ...
Mar 24 16:07:39: ocsigen:ocsipersist:dbm: Launching a new Ocsidbm process: ocsidbm on directory local/var/data/h42n42.
Mar 24 16:07:40: ocsigen:ocsipersist:dbm: ...Initialization complete
Mar 25 08:19:53: ocsigen:ocsipersist:dbm: Initializing ...
Mar 25 08:19:53: ocsigen:ocsipersist:dbm: Launching a new Ocsidbm process: ocsidbm on directory local/var/data/h42n42.
Mar 25 08:19:55: ocsigen:ocsipersist:dbm: ...Initialization complete
Mar 25 08:36:10: ocsigen:ocsipersist:dbm: Initializing ...
Mar 25 08:36:10: ocsigen:ocsipersist:dbm: Launching a new Ocsidbm process: ocsidbm on directory local/var/data/h42n42.
Mar 25 08:36:11: ocsigen:ocsipersist:dbm: ...Initialization complete
Mar 25 08:37:03: ocsigen:ocsipersist:dbm: Initializing ...
Mar 25 08:37:03: ocsigen:ocsipersist:dbm: Launching a new Ocsidbm process: ocsidbm on directory local/var/data/h42n42.
Mar 25 08:37:04: ocsigen:ocsipersist:dbm: ...Initialization complete
Mar 25 08:38:16: ocsigen:ocsipersist:dbm: Initializing ...
Mar 25 08:38:16: ocsigen:ocsipersist:dbm: Launching a new Ocsidbm process: ocsidbm on directory local/var/data/h42n42.
Mar 25 08:38:17: ocsigen:ocsipersist:dbm: ...Initialization complete
Mar 25 08:39:47: ocsigen:ocsipersist:dbm: Initializing ...
Mar 25 08:39:47: ocsigen:ocsipersist:dbm: Launching a new Ocsidbm process: ocsidbm on directory local/var/data/h42n42.
Mar 25 08:39:48: ocsigen:ocsipersist:dbm: ...Initialization complete
Mar 25 08:41:44: ocsigen:ocsipersist:dbm: Initializing ...
Mar 25 08:41:44: ocsigen:ocsipersist:dbm: Launching a new Ocsidbm process: ocsidbm on directory local/var/data/h42n42.
Mar 25 08:41:45: ocsigen:ocsipersist:dbm: ...Initialization complete
Mar 25 08:42:50: ocsigen:ocsipersist:dbm: Initializing ...
Mar 25 08:42:50: ocsigen:ocsipersist:dbm: Launching a new Ocsidbm process: ocsidbm on directory local/var/data/h42n42.
Mar 25 08:42:51: ocsigen:ocsipersist:dbm: ...Initialization complete
Mar 25 08:43:30: ocsigen:ocsipersist:dbm: Initializing ...
Mar 25 08:43:30: ocsigen:ocsipersist:dbm: Launching a new Ocsidbm process: ocsidbm on directory local/var/data/h42n42.
Mar 25 08:43:31: ocsigen:ocsipersist:dbm: ...Initialization complete
Mar 25 08:44:49: ocsigen:ocsipersist:dbm: Initializing ...
Mar 25 08:44:49: ocsigen:ocsipersist:dbm: Launching a new Ocsidbm process: ocsidbm on directory local/var/data/h42n42.
Mar 25 08:44:51: ocsigen:ocsipersist:dbm: ...Initialization complete
Mar 25 08:46:41: ocsigen:ocsipersist:dbm: Initializing ...
Mar 25 08:46:41: ocsigen:ocsipersist:dbm: Launching a new Ocsidbm process: ocsidbm on directory local/var/data/h42n42.
Mar 25 08:46:42: ocsigen:ocsipersist:dbm: ...Initialization complete
Mar 25 08:47:41: ocsigen:ocsipersist:dbm: Initializing ...
Mar 25 08:47:41: ocsigen:ocsipersist:dbm: Launching a new Ocsidbm process: ocsidbm on directory local/var/data/h42n42.
Mar 25 08:47:42: ocsigen:ocsipersist:dbm: ...Initialization complete
Mar 25 08:49:44: ocsigen:ocsipersist:dbm: Initializing ...
Mar 25 08:49:44: ocsigen:ocsipersist:dbm: Launching a new Ocsidbm process: ocsidbm on directory local/var/data/h42n42.
Mar 25 08:49:45: ocsigen:ocsipersist:dbm: ...Initialization complete
Mar 25 08:50:38: ocsigen:ocsipersist:dbm: Initializing ...
Mar 25 08:50:38: ocsigen:ocsipersist:dbm: Launching a new Ocsidbm process: ocsidbm on directory local/var/data/h42n42.
Mar 25 08:50:39: ocsigen:ocsipersist:dbm: ...Initialization complete
Mar 25 08:51:53: ocsigen:ocsipersist:dbm: Initializing ...
Mar 25 08:51:53: ocsigen:ocsipersist:dbm: Launching a new Ocsidbm process: ocsidbm on directory local/var/data/h42n42.
Mar 25 08:51:54: ocsigen:ocsipersist:dbm: ...Initialization complete
Mar 25 08:52:31: ocsigen:ocsipersist:dbm: Initializing ...
Mar 25 08:52:31: ocsigen:ocsipersist:dbm: Launching a new Ocsidbm process: ocsidbm on directory local/var/data/h42n42.
Mar 25 08:52:32: ocsigen:ocsipersist:dbm: ...Initialization complete
Mar 25 08:57:49: ocsigen:ocsipersist:dbm: Initializing ...
Mar 25 08:57:49: ocsigen:ocsipersist:dbm: Launching a new Ocsidbm process: ocsidbm on directory local/var/data/h42n42.
Mar 25 08:57:50: ocsigen:ocsipersist:dbm: ...Initialization complete
Mar 25 08:58:53: ocsigen:ocsipersist:dbm: Initializing ...
Mar 25 08:58:53: ocsigen:ocsipersist:dbm: Launching a new Ocsidbm process: ocsidbm on directory local/var/data/h42n42.
Mar 25 08:58:54: ocsigen:ocsipersist:dbm: ...Initialization complete
Mar 25 20:57:15: ocsigen:ocsipersist:dbm: Initializing ...
Mar 25 20:57:15: ocsigen:ocsipersist:dbm: Launching a new Ocsidbm process: ocsidbm on directory local/var/data/h42n42.
Mar 25 20:57:16: ocsigen:ocsipersist:dbm: ...Initialization complete
Mar 25 21:08:21: ocsigen:ocsipersist:dbm: Initializing ...
Mar 25 21:08:21: ocsigen:ocsipersist:dbm: Launching a new Ocsidbm process: ocsidbm on directory local/var/data/h42n42.
Mar 25 21:08:22: ocsigen:ocsipersist:dbm: ...Initialization complete
Mar 25 21:08:57: ocsigen:ocsipersist:dbm: Initializing ...
Mar 25 21:08:57: ocsigen:ocsipersist:dbm: Launching a new Ocsidbm process: ocsidbm on directory local/var/data/h42n42.
Mar 25 21:08:58: ocsigen:ocsipersist:dbm: ...Initialization complete
Mar 25 21:34:12: ocsigen:ocsipersist:dbm: Initializing ...
Mar 25 21:34:12: ocsigen:ocsipersist:dbm: Launching a new Ocsidbm process: ocsidbm on directory local/var/data/h42n42.
Mar 25 21:34:13: ocsigen:ocsipersist:dbm: ...Initialization complete
Mar 25 21:38:01: ocsigen:ocsipersist:dbm: Initializing ...
Mar 25 21:38:01: ocsigen:ocsipersist:dbm: Launching a new Ocsidbm process: ocsidbm on directory local/var/data/h42n42.
Mar 25 21:44:56: ocsigen:ocsipersist:dbm: Initializing ...
Mar 25 21:44:56: ocsigen:ocsipersist:dbm: Launching a new Ocsidbm process: ocsidbm on directory local/var/data/h42n42.
Mar 25 21:59:07: ocsigen:ocsipersist:dbm: Initializing ...
Mar 25 21:59:07: ocsigen:ocsipersist:dbm: Launching a new Ocsidbm process: ocsidbm on directory local/var/data/h42n42.
Mar 25 21:59:08: ocsigen:ocsipersist:dbm: ...Initialization complete
Mar 25 21:59:46: ocsigen:ocsipersist:dbm: Initializing ...
Mar 25 21:59:46: ocsigen:ocsipersist:dbm: Launching a new Ocsidbm process: ocsidbm on directory local/var/data/h42n42.
Mar 25 21:59:47: ocsigen:ocsipersist:dbm: ...Initialization complete
Mar 25 22:02:03: ocsigen:ocsipersist:dbm: Initializing ...
Mar 25 22:02:03: ocsigen:ocsipersist:dbm: Launching a new Ocsidbm process: ocsidbm on directory local/var/data/h42n42.
Mar 25 22:02:04: ocsigen:ocsipersist:dbm: ...Initialization complete
Mar 25 22:03:21: ocsigen:ocsipersist:dbm: Initializing ...
Mar 25 22:03:21: ocsigen:ocsipersist:dbm: Launching a new Ocsidbm process: ocsidbm on directory local/var/data/h42n42.
Mar 25 22:03:22: ocsigen:ocsipersist:dbm: ...Initialization complete
Mar 25 22:04:30: ocsigen:ocsipersist:dbm: Initializing ...
Mar 25 22:04:30: ocsigen:ocsipersist:dbm: Launching a new Ocsidbm process: ocsidbm on directory local/var/data/h42n42.
Mar 25 22:04:32: ocsigen:ocsipersist:dbm: ...Initialization complete
Mar 25 22:06:00: ocsigen:ocsipersist:dbm: Initializing ...
Mar 25 22:06:00: ocsigen:ocsipersist:dbm: Launching a new Ocsidbm process: ocsidbm on directory local/var/data/h42n42.
Mar 25 22:06:01: ocsigen:ocsipersist:dbm: ...Initialization complete
Mar 25 22:07:07: ocsigen:ocsipersist:dbm: Initializing ...
Mar 25 22:07:07: ocsigen:ocsipersist:dbm: Launching a new Ocsidbm process: ocsidbm on directory local/var/data/h42n42.
Mar 25 22:07:09: ocsigen:ocsipersist:dbm: ...Initialization complete
Mar 25 22:07:31: ocsigen:ocsipersist:dbm: Initializing ...
Mar 25 22:07:31: ocsigen:ocsipersist:dbm: Launching a new Ocsidbm process: ocsidbm on directory local/var/data/h42n42.
Mar 25 22:07:33: ocsigen:ocsipersist:dbm: ...Initialization complete
Mar 25 22:08:14: ocsigen:ocsipersist:dbm: Initializing ...
Mar 25 22:08:14: ocsigen:ocsipersist:dbm: Launching a new Ocsidbm process: ocsidbm on directory local/var/data/h42n42.
Mar 25 22:08:16: ocsigen:ocsipersist:dbm: ...Initialization complete
Mar 25 22:08:38: ocsigen:ocsipersist:dbm: Initializing ...
Mar 25 22:08:38: ocsigen:ocsipersist:dbm: Launching a new Ocsidbm process: ocsidbm on directory local/var/data/h42n42.
Mar 25 22:08:39: ocsigen:ocsipersist:dbm: ...Initialization complete
Mar 25 22:08:49: ocsigen:ocsipersist:dbm: Initializing ...
Mar 25 22:08:49: ocsigen:ocsipersist:dbm: Launching a new Ocsidbm process: ocsidbm on directory local/var/data/h42n42.
Mar 25 22:08:50: ocsigen:ocsipersist:dbm: ...Initialization complete
Mar 25 22:10:13: ocsigen:ocsipersist:dbm: Initializing ...
Mar 25 22:10:13: ocsigen:ocsipersist:dbm: Launching a new Ocsidbm process: ocsidbm on directory local/var/data/h42n42.
Mar 25 22:10:14: ocsigen:ocsipersist:dbm: ...Initialization complete
Mar 25 22:13:50: ocsigen:ocsipersist:dbm: Initializing ...
Mar 25 22:13:50: ocsigen:ocsipersist:dbm: Launching a new Ocsidbm process: ocsidbm on directory local/var/data/h42n42.
Mar 25 22:13:51: ocsigen:ocsipersist:dbm: ...Initialization complete
Mar 25 22:15:07: ocsigen:ocsipersist:dbm: Initializing ...
Mar 25 22:15:07: ocsigen:ocsipersist:dbm: Launching a new Ocsidbm process: ocsidbm on directory local/var/data/h42n42.
Mar 25 22:15:08: ocsigen:ocsipersist:dbm: ...Initialization complete
Mar 25 22:16:05: ocsigen:ocsipersist:dbm: Initializing ...
Mar 25 22:16:05: ocsigen:ocsipersist:dbm: Launching a new Ocsidbm process: ocsidbm on directory local/var/data/h42n42.
Mar 25 22:16:06: ocsigen:ocsipersist:dbm: ...Initialization complete
Mar 25 22:22:56: ocsigen:ocsipersist:dbm: Initializing ...
Mar 25 22:22:56: ocsigen:ocsipersist:dbm: Launching a new Ocsidbm process: ocsidbm on directory local/var/data/h42n42.
Mar 25 22:22:57: ocsigen:ocsipersist:dbm: ...Initialization complete
Mar 25 22:24:19: ocsigen:ocsipersist:dbm: Initializing ...
Mar 25 22:24:19: ocsigen:ocsipersist:dbm: Launching a new Ocsidbm process: ocsidbm on directory local/var/data/h42n42.
Mar 25 22:24:20: ocsigen:ocsipersist:dbm: ...Initialization complete
Mar 25 22:25:15: ocsigen:ocsipersist:dbm: Initializing ...
Mar 25 22:25:15: ocsigen:ocsipersist:dbm: Launching a new Ocsidbm process: ocsidbm on directory local/var/data/h42n42.
Mar 25 22:25:16: ocsigen:ocsipersist:dbm: ...Initialization complete
Mar 25 22:26:13: ocsigen:ocsipersist:dbm: Initializing ...
Mar 25 22:26:13: ocsigen:ocsipersist:dbm: Launching a new Ocsidbm process: ocsidbm on directory local/var/data/h42n42.
Mar 25 22:26:14: ocsigen:ocsipersist:dbm: ...Initialization complete
Mar 25 22:27:00: ocsigen:ocsipersist:dbm: Initializing ...
Mar 25 22:27:00: ocsigen:ocsipersist:dbm: Launching a new Ocsidbm process: ocsidbm on directory local/var/data/h42n42.
Mar 25 22:27:01: ocsigen:ocsipersist:dbm: ...Initialization complete
Mar 25 22:28:01: ocsigen:ocsipersist:dbm: Initializing ...
Mar 25 22:28:01: ocsigen:ocsipersist:dbm: Launching a new Ocsidbm process: ocsidbm on directory local/var/data/h42n42.
Mar 25 22:28:02: ocsigen:ocsipersist:dbm: ...Initialization complete
Mar 26 07:42:48: ocsigen:ocsipersist:dbm: Initializing ...
Mar 26 07:42:48: ocsigen:ocsipersist:dbm: Launching a new Ocsidbm process: ocsidbm on directory local/var/data/h42n42.
Mar 26 07:42:49: ocsigen:ocsipersist:dbm: ...Initialization complete
Mar 26 07:50:56: ocsigen:ocsipersist:dbm: Initializing ...
Mar 26 07:50:56: ocsigen:ocsipersist:dbm: Launching a new Ocsidbm process: ocsidbm on directory local/var/data/h42n42.
Mar 26 07:50:57: ocsigen:ocsipersist:dbm: ...Initialization complete
Mar 26 07:51:43: ocsigen:ocsipersist:dbm: Initializing ...
Mar 26 07:51:43: ocsigen:ocsipersist:dbm: Launching a new Ocsidbm process: ocsidbm on directory local/var/data/h42n42.
Mar 26 07:51:44: ocsigen:ocsipersist:dbm: ...Initialization complete
Mar 26 07:54:52: ocsigen:ocsipersist:dbm: Initializing ...
Mar 26 07:54:52: ocsigen:ocsipersist:dbm: Launching a new Ocsidbm process: ocsidbm on directory local/var/data/h42n42.
Mar 26 07:54:53: ocsigen:ocsipersist:dbm: ...Initialization complete
Mar 26 07:59:38: ocsigen:ocsipersist:dbm: Initializing ...
Mar 26 07:59:38: ocsigen:ocsipersist:dbm: Launching a new Ocsidbm process: ocsidbm on directory local/var/data/h42n42.
Mar 26 07:59:39: ocsigen:ocsipersist:dbm: ...Initialization complete
Mar 26 08:00:35: ocsigen:ocsipersist:dbm: Initializing ...
Mar 26 08:00:35: ocsigen:ocsipersist:dbm: Launching a new Ocsidbm process: ocsidbm on directory local/var/data/h42n42.
Mar 26 08:00:36: ocsigen:ocsipersist:dbm: ...Initialization complete
Mar 26 08:02:08: ocsigen:ocsipersist:dbm: Initializing ...
Mar 26 08:02:08: ocsigen:ocsipersist:dbm: Launching a new Ocsidbm process: ocsidbm on directory local/var/data/h42n42.
Mar 26 08:02:09: ocsigen:ocsipersist:dbm: ...Initialization complete
Mar 26 08:05:41: ocsigen:ocsipersist:dbm: Initializing ...
Mar 26 08:05:41: ocsigen:ocsipersist:dbm: Launching a new Ocsidbm process: ocsidbm on directory local/var/data/h42n42.
Mar 26 08:05:42: ocsigen:ocsipersist:dbm: ...Initialization complete
Mar 26 08:07:09: ocsigen:ocsipersist:dbm: Initializing ...
Mar 26 08:07:09: ocsigen:ocsipersist:dbm: Launching a new Ocsidbm process: ocsidbm on directory local/var/data/h42n42.
Mar 26 08:07:11: ocsigen:ocsipersist:dbm: ...Initialization complete
Mar 26 08:26:49: ocsigen:ocsipersist:dbm: Initializing ...
Mar 26 08:26:49: ocsigen:ocsipersist:dbm: Launching a new Ocsidbm process: ocsidbm on directory local/var/data/h42n42.
Mar 26 08:26:50: ocsigen:ocsipersist:dbm: ...Initialization complete
Mar 26 08:32:36: ocsigen:ocsipersist:dbm: Initializing ...
Mar 26 08:32:36: ocsigen:ocsipersist:dbm: Launching a new Ocsidbm process: ocsidbm on directory local/var/data/h42n42.
Mar 26 08:32:37: ocsigen:ocsipersist:dbm: ...Initialization complete
Mar 26 08:34:12: ocsigen:ocsipersist:dbm: Initializing ...
Mar 26 08:34:12: ocsigen:ocsipersist:dbm: Launching a new Ocsidbm process: ocsidbm on directory local/var/data/h42n42.
Mar 26 08:34:13: ocsigen:ocsipersist:dbm: ...Initialization complete
Mar 26 08:39:51: ocsigen:ocsipersist:dbm: Initializing ...
Mar 26 08:39:51: ocsigen:ocsipersist:dbm: Launching a new Ocsidbm process: ocsidbm on directory local/var/data/h42n42.
Mar 26 08:39:53: ocsigen:ocsipersist:dbm: ...Initialization complete
Mar 26 08:41:33: ocsigen:ocsipersist:dbm: Initializing ...
Mar 26 08:41:33: ocsigen:ocsipersist:dbm: Launching a new Ocsidbm process: ocsidbm on directory local/var/data/h42n42.
Mar 26 08:41:35: ocsigen:ocsipersist:dbm: ...Initialization complete
Mar 26 08:47:46: ocsigen:ocsipersist:dbm: Initializing ...
Mar 26 08:47:46: ocsigen:ocsipersist:dbm: Launching a new Ocsidbm process: ocsidbm on directory local/var/data/h42n42.
Mar 26 08:47:48: ocsigen:ocsipersist:dbm: ...Initialization complete
Mar 26 08:49:01: ocsigen:ocsipersist:dbm: Initializing ...
Mar 26 08:49:01: ocsigen:ocsipersist:dbm: Launching a new Ocsidbm process: ocsidbm on directory local/var/data/h42n42.
Mar 26 08:49:02: ocsigen:ocsipersist:dbm: ...Initialization complete
Mar 26 08:49:30: ocsigen:ocsipersist:dbm: Initializing ...
Mar 26 08:49:30: ocsigen:ocsipersist:dbm: Launching a new Ocsidbm process: ocsidbm on directory local/var/data/h42n42.
Mar 26 08:49:31: ocsigen:ocsipersist:dbm: ...Initialization complete
Mar 26 08:50:15: ocsigen:ocsipersist:dbm: Initializing ...
Mar 26 08:50:15: ocsigen:ocsipersist:dbm: Launching a new Ocsidbm process: ocsidbm on directory local/var/data/h42n42.
Mar 26 08:50:16: ocsigen:ocsipersist:dbm: ...Initialization complete
Mar 26 08:52:07: ocsigen:ocsipersist:dbm: Initializing ...
Mar 26 08:52:07: ocsigen:ocsipersist:dbm: Launching a new Ocsidbm process: ocsidbm on directory local/var/data/h42n42.
Mar 26 08:52:08: ocsigen:ocsipersist:dbm: ...Initialization complete
Mar 26 08:53:36: ocsigen:ocsipersist:dbm: Initializing ...
Mar 26 08:53:36: ocsigen:ocsipersist:dbm: Launching a new Ocsidbm process: ocsidbm on directory local/var/data/h42n42.
Mar 26 08:53:37: ocsigen:ocsipersist:dbm: ...Initialization complete
Mar 26 08:55:50: ocsigen:ocsipersist:dbm: Initializing ...
Mar 26 08:55:50: ocsigen:ocsipersist:dbm: Launching a new Ocsidbm process: ocsidbm on directory local/var/data/h42n42.
Mar 26 08:55:51: ocsigen:ocsipersist:dbm: ...Initialization complete
Mar 26 08:56:18: ocsigen:ocsipersist:dbm: Initializing ...
Mar 26 08:56:18: ocsigen:ocsipersist:dbm: Launching a new Ocsidbm process: ocsidbm on directory local/var/data/h42n42.
Mar 26 08:56:19: ocsigen:ocsipersist:dbm: ...Initialization complete
Mar 26 08:57:06: ocsigen:ocsipersist:dbm: Initializing ...
Mar 26 08:57:06: ocsigen:ocsipersist:dbm: Launching a new Ocsidbm process: ocsidbm on directory local/var/data/h42n42.
Mar 26 08:57:07: ocsigen:ocsipersist:dbm: ...Initialization complete
Mar 26 08:57:46: ocsigen:ocsipersist:dbm: Initializing ...
Mar 26 08:57:46: ocsigen:ocsipersist:dbm: Launching a new Ocsidbm process: ocsidbm on directory local/var/data/h42n42.
Mar 26 08:57:47: ocsigen:ocsipersist:dbm: ...Initialization complete
Mar 26 09:01:02: ocsigen:ocsipersist:dbm: Initializing ...
Mar 26 09:01:02: ocsigen:ocsipersist:dbm: Launching a new Ocsidbm process: ocsidbm on directory local/var/data/h42n42.
Mar 26 09:01:04: ocsigen:ocsipersist:dbm: ...Initialization complete
Mar 26 09:02:46: ocsigen:ocsipersist:dbm: Initializing ...
Mar 26 09:02:46: ocsigen:ocsipersist:dbm: Launching a new Ocsidbm process: ocsidbm on directory local/var/data/h42n42.
Mar 26 09:02:47: ocsigen:ocsipersist:dbm: ...Initialization complete
Mar 26 09:10:16: ocsigen:ocsipersist:dbm: Initializing ...
Mar 26 09:10:16: ocsigen:ocsipersist:dbm: Launching a new Ocsidbm process: ocsidbm on directory local/var/data/h42n42.
Mar 26 09:10:17: ocsigen:ocsipersist:dbm: ...Initialization complete
Mar 26 09:10:24: ocsigen:ocsipersist:dbm: Initializing ...
Mar 26 09:10:24: ocsigen:ocsipersist:dbm: Launching a new Ocsidbm process: ocsidbm on directory local/var/data/h42n42.
Mar 26 09:10:25: ocsigen:ocsipersist:dbm: ...Initialization complete
Mar 26 09:10:37: ocsigen:ocsipersist:dbm: Initializing ...
Mar 26 09:10:37: ocsigen:ocsipersist:dbm: Launching a new Ocsidbm process: ocsidbm on directory local/var/data/h42n42.
Mar 26 09:10:39: ocsigen:ocsipersist:dbm: ...Initialization complete
Mar 26 09:11:20: ocsigen:ocsipersist:dbm: Initializing ...
Mar 26 09:11:20: ocsigen:ocsipersist:dbm: Launching a new Ocsidbm process: ocsidbm on directory local/var/data/h42n42.
Mar 26 09:11:21: ocsigen:ocsipersist:dbm: ...Initialization complete
Mar 27 08:49:49: ocsigen:ocsipersist:dbm: Initializing ...
Mar 27 08:49:49: ocsigen:ocsipersist:dbm: Launching a new Ocsidbm process: ocsidbm on directory local/var/data/h42n42.
Mar 27 08:54:54: ocsigen:ocsipersist:dbm: Initializing ...
Mar 27 08:54:54: ocsigen:ocsipersist:dbm: Launching a new Ocsidbm process: ocsidbm on directory local/var/data/h42n42.
Mar 27 08:54:55: ocsigen:ocsipersist:dbm: ...Initialization complete
Mar 27 09:05:44: ocsigen:ocsipersist:dbm: Initializing ...
Mar 27 09:05:44: ocsigen:ocsipersist:dbm: Launching a new Ocsidbm process: ocsidbm on directory local/var/data/h42n42.
Mar 27 09:05:45: ocsigen:ocsipersist:dbm: ...Initialization complete
Mar 27 09:11:36: ocsigen:ocsipersist:dbm: Initializing ...
Mar 27 09:11:36: ocsigen:ocsipersist:dbm: Launching a new Ocsidbm process: ocsidbm on directory local/var/data/h42n42.
Mar 27 09:11:37: ocsigen:ocsipersist:dbm: ...Initialization complete
Mar 27 09:12:40: ocsigen:ocsipersist:dbm: Initializing ...
Mar 27 09:12:40: ocsigen:ocsipersist:dbm: Launching a new Ocsidbm process: ocsidbm on directory local/var/data/h42n42.
Mar 27 09:12:41: ocsigen:ocsipersist:dbm: ...Initialization complete
Mar 27 09:13:15: ocsigen:ocsipersist:dbm: Initializing ...
Mar 27 09:13:15: ocsigen:ocsipersist:dbm: Launching a new Ocsidbm process: ocsidbm on directory local/var/data/h42n42.
Mar 27 09:13:16: ocsigen:ocsipersist:dbm: ...Initialization complete
Mar 27 09:13:23: ocsigen:ocsipersist:dbm: Initializing ...
Mar 27 09:13:23: ocsigen:ocsipersist:dbm: Launching a new Ocsidbm process: ocsidbm on directory local/var/data/h42n42.
Mar 27 09:13:24: ocsigen:ocsipersist:dbm: ...Initialization complete
Mar 27 09:17:25: ocsigen:ocsipersist:dbm: Initializing ...
Mar 27 09:17:25: ocsigen:ocsipersist:dbm: Launching a new Ocsidbm process: ocsidbm on directory local/var/data/h42n42.
Mar 27 09:17:26: ocsigen:ocsipersist:dbm: ...Initialization complete
Mar 27 09:18:14: ocsigen:ocsipersist:dbm: Initializing ...
Mar 27 09:18:14: ocsigen:ocsipersist:dbm: Launching a new Ocsidbm process: ocsidbm on directory local/var/data/h42n42.
Mar 27 09:18:15: ocsigen:ocsipersist:dbm: ...Initialization complete
Mar 27 09:19:31: ocsigen:ocsipersist:dbm: Initializing ...
Mar 27 09:19:31: ocsigen:ocsipersist:dbm: Launching a new Ocsidbm process: ocsidbm on directory local/var/data/h42n42.
Mar 27 09:19:32: ocsigen:ocsipersist:dbm: ...Initialization complete
Mar 27 09:21:07: ocsigen:ocsipersist:dbm: Initializing ...
Mar 27 09:21:07: ocsigen:ocsipersist:dbm: Launching a new Ocsidbm process: ocsidbm on directory local/var/data/h42n42.
Mar 27 09:21:09: ocsigen:ocsipersist:dbm: ...Initialization complete
Mar 27 09:22:32: ocsigen:ocsipersist:dbm: Initializing ...
Mar 27 09:22:32: ocsigen:ocsipersist:dbm: Launching a new Ocsidbm process: ocsidbm on directory local/var/data/h42n42.
Mar 27 09:22:33: ocsigen:ocsipersist:dbm: ...Initialization complete
Mar 27 09:24:11: ocsigen:ocsipersist:dbm: Initializing ...
Mar 27 09:24:11: ocsigen:ocsipersist:dbm: Launching a new Ocsidbm process: ocsidbm on directory local/var/data/h42n42.
Mar 27 09:24:12: ocsigen:ocsipersist:dbm: ...Initialization complete
Mar 27 09:27:48: ocsigen:ocsipersist:dbm: Initializing ...
Mar 27 09:27:48: ocsigen:ocsipersist:dbm: Launching a new Ocsidbm process: ocsidbm on directory local/var/data/h42n42.
Mar 27 09:27:49: ocsigen:ocsipersist:dbm: ...Initialization complete
Mar 27 09:29:48: ocsigen:ocsipersist:dbm: Initializing ...
Mar 27 09:29:48: ocsigen:ocsipersist:dbm: Launching a new Ocsidbm process: ocsidbm on directory local/var/data/h42n42.
Mar 27 09:29:49: ocsigen:ocsipersist:dbm: ...Initialization complete
Mar 27 09:30:23: ocsigen:ocsipersist:dbm: Initializing ...
Mar 27 09:30:23: ocsigen:ocsipersist:dbm: Launching a new Ocsidbm process: ocsidbm on directory local/var/data/h42n42.
Mar 27 09:30:24: ocsigen:ocsipersist:dbm: ...Initialization complete
Mar 27 09:33:13: ocsigen:ocsipersist:dbm: Initializing ...
Mar 27 09:33:13: ocsigen:ocsipersist:dbm: Launching a new Ocsidbm process: ocsidbm on directory local/var/data/h42n42.
Mar 27 09:33:14: ocsigen:ocsipersist:dbm: ...Initialization complete
Mar 27 09:47:58: ocsigen:ocsipersist:dbm: Initializing ...
Mar 27 09:47:58: ocsigen:ocsipersist:dbm: Launching a new Ocsidbm process: ocsidbm on directory local/var/data/h42n42.
Mar 27 09:47:59: ocsigen:ocsipersist:dbm: ...Initialization complete
Mar 27 09:48:43: ocsigen:ocsipersist:dbm: Initializing ...
Mar 27 09:48:43: ocsigen:ocsipersist:dbm: Launching a new Ocsidbm process: ocsidbm on directory local/var/data/h42n42.
Mar 27 09:48:44: ocsigen:ocsipersist:dbm: ...Initialization complete
Mar 27 09:49:55: ocsigen:ocsipersist:dbm: Initializing ...
Mar 27 09:49:55: ocsigen:ocsipersist:dbm: Launching a new Ocsidbm process: ocsidbm on directory local/var/data/h42n42.
Mar 27 09:49:56: ocsigen:ocsipersist:dbm: ...Initialization complete
Mar 27 09:50:35: ocsigen:ocsipersist:dbm: Initializing ...
Mar 27 09:50:35: ocsigen:ocsipersist:dbm: Launching a new Ocsidbm process: ocsidbm on directory local/var/data/h42n42.
Mar 27 09:50:36: ocsigen:ocsipersist:dbm: ...Initialization complete
Mar 27 09:51:53: ocsigen:ocsipersist:dbm: Initializing ...
Mar 27 09:51:53: ocsigen:ocsipersist:dbm: Launching a new Ocsidbm process: ocsidbm on directory local/var/data/h42n42.
Mar 27 09:51:54: ocsigen:ocsipersist:dbm: ...Initialization complete
Mar 27 09:54:44: ocsigen:ocsipersist:dbm: Initializing ...
Mar 27 09:54:44: ocsigen:ocsipersist:dbm: Launching a new Ocsidbm process: ocsidbm on directory local/var/data/h42n42.
Mar 27 09:54:45: ocsigen:ocsipersist:dbm: ...Initialization complete
Mar 27 10:00:31: ocsigen:ocsipersist:dbm: Initializing ...
Mar 27 10:00:31: ocsigen:ocsipersist:dbm: Launching a new Ocsidbm process: ocsidbm on directory local/var/data/h42n42.
Mar 27 10:00:32: ocsigen:ocsipersist:dbm: ...Initialization complete
Mar 27 10:02:04: ocsigen:ocsipersist:dbm: Initializing ...
Mar 27 10:02:04: ocsigen:ocsipersist:dbm: Launching a new Ocsidbm process: ocsidbm on directory local/var/data/h42n42.
Mar 27 10:02:05: ocsigen:ocsipersist:dbm: ...Initialization complete
Mar 27 10:03:56: ocsigen:ocsipersist:dbm: Initializing ...
Mar 27 10:03:56: ocsigen:ocsipersist:dbm: Launching a new Ocsidbm process: ocsidbm on directory local/var/data/h42n42.
Mar 27 10:03:57: ocsigen:ocsipersist:dbm: ...Initialization complete
Mar 27 10:04:57: ocsigen:ocsipersist:dbm: Initializing ...
Mar 27 10:04:57: ocsigen:ocsipersist:dbm: Launching a new Ocsidbm process: ocsidbm on directory local/var/data/h42n42.
Mar 27 10:04:58: ocsigen:ocsipersist:dbm: ...Initialization complete
Mar 27 10:07:23: ocsigen:ocsipersist:dbm: Initializing ...
Mar 27 10:07:23: ocsigen:ocsipersist:dbm: Launching a new Ocsidbm process: ocsidbm on directory local/var/data/h42n42.
Mar 27 10:07:24: ocsigen:ocsipersist:dbm: ...Initialization complete
Mar 27 10:12:50: ocsigen:ocsipersist:dbm: Initializing ...
Mar 27 10:12:50: ocsigen:ocsipersist:dbm: Launching a new Ocsidbm process: ocsidbm on directory local/var/data/h42n42.
Mar 27 10:12:51: ocsigen:ocsipersist:dbm: ...Initialization complete
Mar 27 10:20:53: ocsigen:ocsipersist:dbm: Initializing ...
Mar 27 10:20:53: ocsigen:ocsipersist:dbm: Launching a new Ocsidbm process: ocsidbm on directory local/var/data/h42n42.
Mar 27 10:20:54: ocsigen:ocsipersist:dbm: ...Initialization complete
